<?xml version="1.0" encoding="UTF-8"?>
<!-- Generated by org.testng.reporters.JUnitReportReporter -->
<testsuite hostname="DESKTOP-E61SUDJ" failures="0" tests="1" name="givelify_SignIn_testcases.TC_11" time="6.385" errors="0" timestamp="2020-12-09T20:37:39 PST" skipped="0">
  <testcase classname="givelify_SignIn_testcases.TC_11" name="RestPwdFormValidation" time="6.385"/>
  <system-out/>
</testsuite> <!-- givelify_SignIn_testcases.TC_11 -->
